<?xml version="1.0" encoding="UTF-8"?>
<testng-results ignored="0" total="1" passed="1" failed="0" skipped="0">
  <reporter-output>
  </reporter-output>
  <suite started-at="2023-11-08T22:57:21 IST" name="Suite" finished-at="2023-11-08T22:57:34 IST" duration-ms="13301">
    <groups>
    </groups>
    <test started-at="2023-11-08T22:57:21 IST" name="Test" finished-at="2023-11-08T22:57:34 IST" duration-ms="13301">
      <class name="TestRunner.LoginPageTest">
        <test-method signature="login()[pri:1, instance:TestRunner.LoginPageTest@4afcd809]" started-at="2023-11-08T22:57:21 IST" name="login" finished-at="2023-11-08T22:57:34 IST" duration-ms="13225" status="PASS">
          <reporter-output>
          </reporter-output>
        </test-method> <!-- login -->
      </class> <!-- TestRunner.LoginPageTest -->
    </test> <!-- Test -->
  </suite> <!-- Suite -->
</testng-results>
